<?xml version="1.0" encoding="UTF-8"?>
<!-- Generated by org.testng.reporters.JUnitXMLReporter -->
<testsuite ignored="0" hostname="LAPTOP-S9JVNPGK" failures="0" tests="25" name="Test" time="250.523" errors="0" timestamp="2023-03-03T10:35:53 IST">
  <testcase classname="DemoQA.FrameTwoScrollDown" name="scrollDown" time="0.314"/>
  <testcase classname="DemoQA.BrowserWindow" name="browserWindow" time="0.024"/>
  <testcase classname="DemoQA.ConfirmAlert" name="confirmAlert" time="0.375"/>
  <testcase classname="DemoQA.Tag" name="tag" time="0.407"/>
  <testcase classname="DemoQA.CancelAlert" name="cancelAlert" time="0.343"/>
  <testcase classname="DemoQA.NewMessage" name="newMessage" time="0.023"/>
  <testcase classname="DemoQA.NewTab" name="newTab" time="0.36"/>
  <testcase classname="DemoQA.Widgets" name="widget" time="0.369"/>
  <testcase classname="DemoQA.TimerAlert" name="timerAlerts" time="10.19"/>
  <testcase classname="DemoQA.SmallModal" name="smallModal" time="0.401"/>
  <testcase classname="DemoQA.Alerts" name="alerts" time="0.295"/>
  <testcase classname="DemoQA.Slider" name="slider" time="0.775"/>
  <testcase classname="DemoQA.OldSelectOne" name="oldSelectOne" time="0.763"/>
  <testcase classname="DemoQA.ProgressBar" name="progressBar" time="0.241"/>
  <testcase classname="DemoQA.NewWindowMessage" name="newWindowMessage" time="0.337"/>
  <testcase classname="DemoQA.LaunchingBrowser" name="browseLaunch" time="0.062"/>
  <testcase classname="DemoQA.ToolTip" name="toolTip" time="0.584"/>
  <testcase classname="DemoQA.TwoFrames" name="frameVerifying" time="0.37"/>
  <testcase classname="DemoQA.LargeModal" name="largeModal" time="0.411"/>
  <testcase classname="DemoQA.FooterSection" name="footerSection" time="0.05"/>
  <testcase classname="DemoQA.Accordian" name="accordian" time="0.303"/>
  <testcase classname="DemoQA.WidgetsTwo" name="widgetTwo" time="10.619"/>
  <testcase classname="DemoQA.PropmtAlert" name="promptAlerts" time="0.265"/>
  <testcase classname="DemoQA.AlertsButton" name="alertButton" time="0.302"/>
  <testcase classname="DemoQA.Demo" name="demo" time="0.172"/>
</testsuite> <!-- Test -->
